# Logfile created on 2020-04-20 15:26:21 +0100 by logger.rb/47272
I, [2020-04-20T15:26:21.145766 #32395]  INFO -- : Running example 'Verifying a pact between Complete the deputy report and OPG Data A submitted report with POST /v1/clients/1234567T/reports returns a response which has status code 201'
I, [2020-04-20T15:26:21.146000 #32395]  INFO -- : Sending POST request to path: "/v1/clients/1234567T/reports" with headers: {"CONTENT_TYPE"=>"application/json", "HTTP_X_PACT_ORIGINAL_HEADER_NAMES"=>"Content-Type"}, see debug logs for body
D, [2020-04-20T15:26:21.146093 #32395] DEBUG -- : body :{"report":{"data":{"type":"reports","attributes":{"reporting_period_from":"2018-05-14","reporting_period_to":"2019-05-13","year":2018,"date_submitted":"2019-06-20T00:00:00+01:00","type":"PF","submission_id":9876},"file":{"name":"test.pdf","mimetype":"application/pdf","source":"ZmFrZV9jb250ZW50cw=="}}}}
I, [2020-04-20T15:26:21.758840 #32395]  INFO -- : Received response with status: 201, headers: {"Content-Type"=>"application/json", "Content-Length"=>"114", "Server"=>"Werkzeug/1.0.1 Python/3.7.6", "Date"=>"Mon, 20 Apr 2020 14:26:21 GMT"}, see debug logs for body
D, [2020-04-20T15:26:21.758956 #32395] DEBUG -- : body: {"data": {"type": "reports", "id": "33ea0382-cfc9-4776-9036-667eeb68fa4b", "attributes": {"submission_id": 9876}}}
I, [2020-04-20T15:26:21.766301 #32395]  INFO -- : Running example 'Verifying a pact between Complete the deputy report and OPG Data A submitted supporting document with POST /v1/clients/1234567T/reports/33ea0382-cfc9-4776-9036-667eeb68fa4b/supportingdocuments returns a response which has status code 201'
I, [2020-04-20T15:26:21.766485 #32395]  INFO -- : Sending POST request to path: "/v1/clients/1234567T/reports/33ea0382-cfc9-4776-9036-667eeb68fa4b/supportingdocuments" with headers: {"CONTENT_TYPE"=>"application/json", "HTTP_X_PACT_ORIGINAL_HEADER_NAMES"=>"Content-Type"}, see debug logs for body
D, [2020-04-20T15:26:21.766589 #32395] DEBUG -- : body :{"supporting_document":{"data":{"type":"supportingdocuments","attributes":{"submission_id":9876},"file":{"name":"test.pdf","mimetype":"application/pdf","source":"ZmFrZV9jb250ZW50cw=="}}}}
I, [2020-04-20T15:26:21.850978 #32395]  INFO -- : Received response with status: 201, headers: {"Content-Type"=>"application/json", "Content-Length"=>"126", "Server"=>"Werkzeug/1.0.1 Python/3.7.6", "Date"=>"Mon, 20 Apr 2020 14:26:21 GMT"}, see debug logs for body
D, [2020-04-20T15:26:21.851059 #32395] DEBUG -- : body: {"data": {"type": "supporting_document", "id": "33ea0382-cfc9-4776-9036-667eeb68fa4b", "attributes": {"submission_id": 9876}}}
I, [2020-04-20T16:50:57.483769 #33849]  INFO -- : Running example 'Verifying a pact between Complete the deputy report and OPG Data A submitted report with POST /v1/clients/1234567T/reports returns a response which has status code 201'
I, [2020-04-20T16:50:57.486976 #33849]  INFO -- : Sending POST request to path: "/v1/clients/1234567T/reports" with headers: {"CONTENT_TYPE"=>"application/json", "HTTP_X_PACT_ORIGINAL_HEADER_NAMES"=>"Content-Type"}, see debug logs for body
D, [2020-04-20T16:50:57.487150 #33849] DEBUG -- : body :{"report":{"data":{"type":"reports","attributes":{"reporting_period_from":"2018-05-14","reporting_period_to":"2019-05-13","year":2018,"date_submitted":"2019-06-20T00:00:00+01:00","type":"PF","submission_id":9876},"file":{"name":"test.pdf","mimetype":"application/pdf","source":"ZmFrZV9jb250ZW50cw=="}}}}
I, [2020-04-20T16:50:57.798228 #33849]  INFO -- : Received response with status: 201, headers: {"Content-Type"=>"application/json", "Content-Length"=>"114", "Server"=>"Werkzeug/1.0.1 Python/3.7.6", "Date"=>"Mon, 20 Apr 2020 15:50:57 GMT"}, see debug logs for body
D, [2020-04-20T16:50:57.798335 #33849] DEBUG -- : body: {"data": {"type": "reports", "id": "33ea0382-cfc9-4776-9036-667eeb68fa4b", "attributes": {"submission_id": 9876}}}
I, [2020-04-20T16:50:57.804606 #33849]  INFO -- : Running example 'Verifying a pact between Complete the deputy report and OPG Data A submitted supporting document with POST /v1/clients/1234567T/reports/33ea0382-cfc9-4776-9036-667eeb68fa4b/supportingdocuments returns a response which has status code 201'
I, [2020-04-20T16:50:57.804931 #33849]  INFO -- : Sending POST request to path: "/v1/clients/1234567T/reports/33ea0382-cfc9-4776-9036-667eeb68fa4b/supportingdocuments" with headers: {"CONTENT_TYPE"=>"application/json", "HTTP_X_PACT_ORIGINAL_HEADER_NAMES"=>"Content-Type"}, see debug logs for body
D, [2020-04-20T16:50:57.805071 #33849] DEBUG -- : body :{"supporting_document":{"data":{"type":"supportingdocuments","attributes":{"submission_id":9876},"file":{"name":"test.pdf","mimetype":"application/pdf","source":"ZmFrZV9jb250ZW50cw=="}}}}
I, [2020-04-20T16:50:57.897571 #33849]  INFO -- : Received response with status: 201, headers: {"Content-Type"=>"application/json", "Content-Length"=>"126", "Server"=>"Werkzeug/1.0.1 Python/3.7.6", "Date"=>"Mon, 20 Apr 2020 15:50:57 GMT"}, see debug logs for body
D, [2020-04-20T16:50:57.897653 #33849] DEBUG -- : body: {"data": {"type": "supporting_document", "id": "33ea0382-cfc9-4776-9036-667eeb68fa4b", "attributes": {"submission_id": 9876}}}
I, [2020-04-20T16:53:59.084815 #33909]  INFO -- : Running example 'Verifying a pact between Complete the deputy report and OPG Data A submitted report with POST /v1/clients/1234567T/reports returns a response which has status code 201'
I, [2020-04-20T16:53:59.085068 #33909]  INFO -- : Sending POST request to path: "/v1/clients/1234567T/reports" with headers: {"CONTENT_TYPE"=>"application/json", "HTTP_X_PACT_ORIGINAL_HEADER_NAMES"=>"Content-Type"}, see debug logs for body
D, [2020-04-20T16:53:59.085166 #33909] DEBUG -- : body :{"report":{"data":{"type":"reports","attributes":{"reporting_period_from":"2018-05-14","reporting_period_to":"2019-05-13","year":2018,"date_submitted":"2019-06-20T00:00:00+01:00","type":"PF","submission_id":9876},"file":{"name":"test.pdf","mimetype":"application/pdf","source":"ZmFrZV9jb250ZW50cw=="}}}}
I, [2020-04-20T16:53:59.276415 #33909]  INFO -- : Received response with status: 201, headers: {"Content-Type"=>"application/json", "Content-Length"=>"114", "Server"=>"Werkzeug/1.0.1 Python/3.7.6", "Date"=>"Mon, 20 Apr 2020 15:53:59 GMT"}, see debug logs for body
D, [2020-04-20T16:53:59.276515 #33909] DEBUG -- : body: {"data": {"type": "reports", "id": "33ea0382-cfc9-4776-9036-667eeb68fa4b", "attributes": {"submission_id": 9876}}}
I, [2020-04-20T16:53:59.284359 #33909]  INFO -- : Running example 'Verifying a pact between Complete the deputy report and OPG Data A submitted supporting document with POST /v1/clients/1234567T/reports/33ea0382-cfc9-4776-9036-667eeb68fa4b/supportingdocuments returns a response which has status code 201'
I, [2020-04-20T16:53:59.284597 #33909]  INFO -- : Sending POST request to path: "/v1/clients/1234567T/reports/33ea0382-cfc9-4776-9036-667eeb68fa4b/supportingdocuments" with headers: {"CONTENT_TYPE"=>"application/json", "HTTP_X_PACT_ORIGINAL_HEADER_NAMES"=>"Content-Type"}, see debug logs for body
D, [2020-04-20T16:53:59.284663 #33909] DEBUG -- : body :{"supporting_document":{"data":{"type":"supportingdocuments","attributes":{"submission_id":9876},"file":{"name":"test.pdf","mimetype":"application/pdf","source":"ZmFrZV9jb250ZW50cw=="}}}}
I, [2020-04-20T16:53:59.360726 #33909]  INFO -- : Received response with status: 201, headers: {"Content-Type"=>"application/json", "Content-Length"=>"126", "Server"=>"Werkzeug/1.0.1 Python/3.7.6", "Date"=>"Mon, 20 Apr 2020 15:53:59 GMT"}, see debug logs for body
D, [2020-04-20T16:53:59.360806 #33909] DEBUG -- : body: {"data": {"type": "supporting_document", "id": "33ea0382-cfc9-4776-9036-667eeb68fa4b", "attributes": {"submission_id": 9876}}}
I, [2020-04-20T16:57:49.795174 #33987]  INFO -- : Running example 'Verifying a pact between Complete the deputy report and OPG Data A submitted report with POST /v1/clients/1234567T/reports returns a response which has status code 201'
I, [2020-04-20T16:57:49.795616 #33987]  INFO -- : Sending POST request to path: "/v1/clients/1234567T/reports" with headers: {"CONTENT_TYPE"=>"application/json", "HTTP_X_PACT_ORIGINAL_HEADER_NAMES"=>"Content-Type"}, see debug logs for body
D, [2020-04-20T16:57:49.795722 #33987] DEBUG -- : body :{"report":{"data":{"type":"reports","attributes":{"reporting_period_from":"2018-05-14","reporting_period_to":"2019-05-13","year":2018,"date_submitted":"2019-06-20T00:00:00+01:00","type":"PF","submission_id":9876},"file":{"name":"test.pdf","mimetype":"application/pdf","source":"ZmFrZV9jb250ZW50cw=="}}}}
I, [2020-04-20T16:57:49.942156 #33987]  INFO -- : Received response with status: 201, headers: {"Content-Type"=>"application/json", "Content-Length"=>"114", "Server"=>"Werkzeug/1.0.1 Python/3.7.6", "Date"=>"Mon, 20 Apr 2020 15:57:49 GMT"}, see debug logs for body
D, [2020-04-20T16:57:49.942244 #33987] DEBUG -- : body: {"data": {"type": "reports", "id": "33ea0382-cfc9-4776-9036-667eeb68fa4b", "attributes": {"submission_id": 9876}}}
I, [2020-04-20T16:57:49.944869 #33987]  INFO -- : Running example 'Verifying a pact between Complete the deputy report and OPG Data A submitted supporting document with POST /v1/clients/1234567T/reports/33ea0382-cfc9-4776-9036-667eeb68fa4b/supportingdocuments returns a response which has status code 201'
I, [2020-04-20T16:57:49.945021 #33987]  INFO -- : Sending POST request to path: "/v1/clients/1234567T/reports/33ea0382-cfc9-4776-9036-667eeb68fa4b/supportingdocuments" with headers: {"CONTENT_TYPE"=>"application/json", "HTTP_X_PACT_ORIGINAL_HEADER_NAMES"=>"Content-Type"}, see debug logs for body
D, [2020-04-20T16:57:49.945122 #33987] DEBUG -- : body :{"supporting_document":{"data":{"type":"supportingdocuments","attributes":{"submission_id":9876},"file":{"name":"test.pdf","mimetype":"application/pdf","source":"ZmFrZV9jb250ZW50cw=="}}}}
I, [2020-04-20T16:57:50.022024 #33987]  INFO -- : Received response with status: 201, headers: {"Content-Type"=>"application/json", "Content-Length"=>"126", "Server"=>"Werkzeug/1.0.1 Python/3.7.6", "Date"=>"Mon, 20 Apr 2020 15:57:50 GMT"}, see debug logs for body
D, [2020-04-20T16:57:50.022221 #33987] DEBUG -- : body: {"data": {"type": "supporting_document", "id": "33ea0382-cfc9-4776-9036-667eeb68fa4b", "attributes": {"submission_id": 9876}}}
I, [2020-04-20T17:02:29.435745 #34088]  INFO -- : Running example 'Verifying a pact between Complete the deputy report and OPG Data A submitted report with POST /v1/clients/1234567T/reports returns a response which has status code 201'
I, [2020-04-20T17:02:29.436383 #34088]  INFO -- : Sending POST request to path: "/v1/clients/1234567T/reports" with headers: {"CONTENT_TYPE"=>"application/json", "HTTP_X_PACT_ORIGINAL_HEADER_NAMES"=>"Content-Type"}, see debug logs for body
D, [2020-04-20T17:02:29.436499 #34088] DEBUG -- : body :{"report":{"data":{"type":"reports","attributes":{"reporting_period_from":"2018-05-14","reporting_period_to":"2019-05-13","year":2018,"date_submitted":"2019-06-20T00:00:00+01:00","type":"PF","submission_id":9876},"file":{"name":"test.pdf","mimetype":"application/pdf","source":"ZmFrZV9jb250ZW50cw=="}}}}
I, [2020-04-20T17:02:29.590550 #34088]  INFO -- : Received response with status: 201, headers: {"Content-Type"=>"application/json", "Content-Length"=>"114", "Server"=>"Werkzeug/1.0.1 Python/3.7.6", "Date"=>"Mon, 20 Apr 2020 16:02:29 GMT"}, see debug logs for body
D, [2020-04-20T17:02:29.590636 #34088] DEBUG -- : body: {"data": {"type": "reports", "id": "33ea0382-cfc9-4776-9036-667eeb68fa4b", "attributes": {"submission_id": 9876}}}
I, [2020-04-20T17:02:29.593487 #34088]  INFO -- : Running example 'Verifying a pact between Complete the deputy report and OPG Data A submitted supporting document with POST /v1/clients/1234567T/reports/33ea0382-cfc9-4776-9036-667eeb68fa4b/supportingdocuments returns a response which has status code 201'
I, [2020-04-20T17:02:29.593689 #34088]  INFO -- : Sending POST request to path: "/v1/clients/1234567T/reports/33ea0382-cfc9-4776-9036-667eeb68fa4b/supportingdocuments" with headers: {"CONTENT_TYPE"=>"application/json", "HTTP_X_PACT_ORIGINAL_HEADER_NAMES"=>"Content-Type"}, see debug logs for body
D, [2020-04-20T17:02:29.593750 #34088] DEBUG -- : body :{"supporting_document":{"data":{"type":"supportingdocuments","attributes":{"submission_id":9876},"file":{"name":"test.pdf","mimetype":"application/pdf","source":"ZmFrZV9jb250ZW50cw=="}}}}
I, [2020-04-20T17:02:29.670224 #34088]  INFO -- : Received response with status: 201, headers: {"Content-Type"=>"application/json", "Content-Length"=>"126", "Server"=>"Werkzeug/1.0.1 Python/3.7.6", "Date"=>"Mon, 20 Apr 2020 16:02:29 GMT"}, see debug logs for body
D, [2020-04-20T17:02:29.670351 #34088] DEBUG -- : body: {"data": {"type": "supporting_document", "id": "33ea0382-cfc9-4776-9036-667eeb68fa4b", "attributes": {"submission_id": 9876}}}
I, [2020-04-20T17:09:04.971262 #34228]  INFO -- : Running example 'Verifying a pact between Complete the deputy report and OPG Data A submitted report with POST /v1/clients/1234567T/reports returns a response which has status code 201'
I, [2020-04-20T17:09:04.971830 #34228]  INFO -- : Sending POST request to path: "/v1/clients/1234567T/reports" with headers: {"CONTENT_TYPE"=>"application/json", "HTTP_X_PACT_ORIGINAL_HEADER_NAMES"=>"Content-Type"}, see debug logs for body
D, [2020-04-20T17:09:04.971968 #34228] DEBUG -- : body :{"report":{"data":{"type":"reports","attributes":{"reporting_period_from":"2018-05-14","reporting_period_to":"2019-05-13","year":2018,"date_submitted":"2019-06-20T00:00:00+01:00","type":"PF","submission_id":9876},"file":{"name":"test.pdf","mimetype":"application/pdf","source":"ZmFrZV9jb250ZW50cw=="}}}}
I, [2020-04-20T17:09:05.185276 #34228]  INFO -- : Received response with status: 201, headers: {"Content-Type"=>"application/json", "Content-Length"=>"116", "Server"=>"Werkzeug/1.0.1 Python/3.7.6", "Date"=>"Mon, 20 Apr 2020 16:09:05 GMT"}, see debug logs for body
D, [2020-04-20T17:09:05.185360 #34228] DEBUG -- : body: {"data": {"type": "reports", "uuid": "33ea0382-cfc9-4776-9036-667eeb68fa4b", "attributes": {"submission_id": 9876}}}
I, [2020-04-20T17:09:05.191277 #34228]  INFO -- : Running example 'Verifying a pact between Complete the deputy report and OPG Data A submitted supporting document with POST /v1/clients/1234567T/reports/33ea0382-cfc9-4776-9036-667eeb68fa4b/supportingdocuments returns a response which has status code 201'
I, [2020-04-20T17:09:05.191482 #34228]  INFO -- : Sending POST request to path: "/v1/clients/1234567T/reports/33ea0382-cfc9-4776-9036-667eeb68fa4b/supportingdocuments" with headers: {"CONTENT_TYPE"=>"application/json", "HTTP_X_PACT_ORIGINAL_HEADER_NAMES"=>"Content-Type"}, see debug logs for body
D, [2020-04-20T17:09:05.191588 #34228] DEBUG -- : body :{"supporting_document":{"data":{"type":"supportingdocuments","attributes":{"submission_id":9876},"file":{"name":"test.pdf","mimetype":"application/pdf","source":"ZmFrZV9jb250ZW50cw=="}}}}
I, [2020-04-20T17:09:05.263754 #34228]  INFO -- : Received response with status: 201, headers: {"Content-Type"=>"application/json", "Content-Length"=>"126", "Server"=>"Werkzeug/1.0.1 Python/3.7.6", "Date"=>"Mon, 20 Apr 2020 16:09:05 GMT"}, see debug logs for body
D, [2020-04-20T17:09:05.263868 #34228] DEBUG -- : body: {"data": {"type": "supporting_document", "id": "33ea0382-cfc9-4776-9036-667eeb68fa4b", "attributes": {"submission_id": 9876}}}
I, [2020-04-20T17:48:40.375546 #34457]  INFO -- : Running example 'Verifying a pact between Complete the deputy report and OPG Data A submitted report with POST /v1/clients/1234567T/reports returns a response which has status code 201'
I, [2020-04-20T17:48:40.375804 #34457]  INFO -- : Sending POST request to path: "/v1/clients/1234567T/reports" with headers: {"CONTENT_TYPE"=>"application/json", "HTTP_X_PACT_ORIGINAL_HEADER_NAMES"=>"Content-Type"}, see debug logs for body
D, [2020-04-20T17:48:40.375875 #34457] DEBUG -- : body :{"report":{"data":{"type":"reports","attributes":{"reporting_period_from":"2018-05-14","reporting_period_to":"2019-05-13","year":2018,"date_submitted":"2019-06-20T00:00:00+01:00","type":"PF","submission_id":9876},"file":{"name":"test.pdf","mimetype":"application/pdf","source":"ZmFrZV9jb250ZW50cw=="}}}}
I, [2020-04-20T17:48:40.594484 #34457]  INFO -- : Received response with status: 201, headers: {"Content-Type"=>"application/json", "Content-Length"=>"116", "Server"=>"Werkzeug/1.0.1 Python/3.7.6", "Date"=>"Mon, 20 Apr 2020 16:48:40 GMT"}, see debug logs for body
D, [2020-04-20T17:48:40.594605 #34457] DEBUG -- : body: {"data": {"type": "reports", "uuid": "33ea0382-cfc9-4776-9036-667eeb68fa4b", "attributes": {"submission_id": 9876}}}
I, [2020-04-20T17:48:40.599687 #34457]  INFO -- : Running example 'Verifying a pact between Complete the deputy report and OPG Data A submitted supporting document with POST /v1/clients/1234567T/reports/33ea0382-cfc9-4776-9036-667eeb68fa4b/supportingdocuments returns a response which has status code 201'
I, [2020-04-20T17:48:40.599866 #34457]  INFO -- : Sending POST request to path: "/v1/clients/1234567T/reports/33ea0382-cfc9-4776-9036-667eeb68fa4b/supportingdocuments" with headers: {"CONTENT_TYPE"=>"application/json", "HTTP_X_PACT_ORIGINAL_HEADER_NAMES"=>"Content-Type"}, see debug logs for body
D, [2020-04-20T17:48:40.599934 #34457] DEBUG -- : body :{"supporting_document":{"data":{"type":"supportingdocuments","attributes":{"submission_id":9876},"file":{"name":"test.pdf","mimetype":"application/pdf","source":"ZmFrZV9jb250ZW50cw=="}}}}
I, [2020-04-20T17:48:40.676866 #34457]  INFO -- : Received response with status: 201, headers: {"Content-Type"=>"application/json", "Content-Length"=>"126", "Server"=>"Werkzeug/1.0.1 Python/3.7.6", "Date"=>"Mon, 20 Apr 2020 16:48:40 GMT"}, see debug logs for body
D, [2020-04-20T17:48:40.676946 #34457] DEBUG -- : body: {"data": {"type": "supporting_document", "id": "33ea0382-cfc9-4776-9036-667eeb68fa4b", "attributes": {"submission_id": 9876}}}
I, [2020-04-20T18:00:54.882645 #34669]  INFO -- : Running example 'Verifying a pact between Complete the deputy report and OPG Data A submitted report with POST /v1/clients/1234567T/reports returns a response which has status code 201'
I, [2020-04-20T18:00:54.882891 #34669]  INFO -- : Sending POST request to path: "/v1/clients/1234567T/reports" with headers: {"CONTENT_TYPE"=>"application/json", "HTTP_X_PACT_ORIGINAL_HEADER_NAMES"=>"Content-Type"}, see debug logs for body
D, [2020-04-20T18:00:54.882958 #34669] DEBUG -- : body :{"report":{"data":{"type":"reports","attributes":{"reporting_period_from":"2018-05-14","reporting_period_to":"2019-05-13","year":2018,"date_submitted":"2019-06-20T00:00:00+01:00","type":"PF","submission_id":9876},"file":{"name":"test.pdf","mimetype":"application/pdf","source":"ZmFrZV9jb250ZW50cw=="}}}}
I, [2020-04-20T18:00:55.007369 #34669]  INFO -- : Received response with status: 201, headers: {"Content-Type"=>"application/json", "Content-Length"=>"116", "Server"=>"Werkzeug/1.0.1 Python/3.7.6", "Date"=>"Mon, 20 Apr 2020 17:00:55 GMT"}, see debug logs for body
D, [2020-04-20T18:00:55.007461 #34669] DEBUG -- : body: {"data": {"type": "reports", "uuid": "33ea0382-cfc9-4776-9036-667eeb68fa4b", "attributes": {"submission_id": 9876}}}
I, [2020-04-20T18:00:55.012468 #34669]  INFO -- : Running example 'Verifying a pact between Complete the deputy report and OPG Data A submitted supporting document with POST /v1/clients/1234567T/reports/33ea0382-cfc9-4776-9036-667eeb68fa4b/supportingdocuments returns a response which has status code 201'
I, [2020-04-20T18:00:55.012634 #34669]  INFO -- : Sending POST request to path: "/v1/clients/1234567T/reports/33ea0382-cfc9-4776-9036-667eeb68fa4b/supportingdocuments" with headers: {"CONTENT_TYPE"=>"application/json", "HTTP_X_PACT_ORIGINAL_HEADER_NAMES"=>"Content-Type"}, see debug logs for body
D, [2020-04-20T18:00:55.012698 #34669] DEBUG -- : body :{"supporting_document":{"data":{"type":"supportingdocuments","attributes":{"submission_id":9876},"file":{"name":"test.pdf","mimetype":"application/pdf","source":"ZmFrZV9jb250ZW50cw=="}}}}
I, [2020-04-20T18:00:55.086498 #34669]  INFO -- : Received response with status: 201, headers: {"Content-Type"=>"application/json", "Content-Length"=>"126", "Server"=>"Werkzeug/1.0.1 Python/3.7.6", "Date"=>"Mon, 20 Apr 2020 17:00:55 GMT"}, see debug logs for body
D, [2020-04-20T18:00:55.086614 #34669] DEBUG -- : body: {"data": {"type": "supporting_document", "id": "33ea0382-cfc9-4776-9036-667eeb68fa4b", "attributes": {"submission_id": 9876}}}
I, [2020-04-20T20:27:47.461165 #36014]  INFO -- : Running example 'Verifying a pact between Complete the deputy report and OPG Data A submitted report with POST /v1/clients/1234567T/reports returns a response which has status code 201'
I, [2020-04-20T20:27:47.461805 #36014]  INFO -- : Sending POST request to path: "/v1/clients/1234567T/reports" with headers: {"CONTENT_TYPE"=>"application/json", "HTTP_X_PACT_ORIGINAL_HEADER_NAMES"=>"Content-Type"}, see debug logs for body
D, [2020-04-20T20:27:47.461909 #36014] DEBUG -- : body :{"report":{"data":{"type":"reports","attributes":{"reporting_period_from":"2018-05-14","reporting_period_to":"2019-05-13","year":2018,"date_submitted":"2019-06-20T00:00:00+01:00","type":"PF","submission_id":9876},"file":{"name":"test.pdf","mimetype":"application/pdf","source":"ZmFrZV9jb250ZW50cw=="}}}}
I, [2020-04-20T20:27:47.614323 #36014]  INFO -- : Received response with status: 201, headers: {"Content-Type"=>"application/json", "Content-Length"=>"116", "Server"=>"Werkzeug/1.0.1 Python/3.7.6", "Date"=>"Mon, 20 Apr 2020 19:27:47 GMT"}, see debug logs for body
D, [2020-04-20T20:27:47.614410 #36014] DEBUG -- : body: {"data": {"type": "reports", "uuid": "33ea0382-cfc9-4776-9036-667eeb68fa4b", "attributes": {"submission_id": 9876}}}
I, [2020-04-20T20:27:47.620129 #36014]  INFO -- : Running example 'Verifying a pact between Complete the deputy report and OPG Data A submitted supporting document with POST /v1/clients/1234567T/reports/33ea0382-cfc9-4776-9036-667eeb68fa4b/supportingdocuments returns a response which has status code 201'
I, [2020-04-20T20:27:47.620299 #36014]  INFO -- : Sending POST request to path: "/v1/clients/1234567T/reports/33ea0382-cfc9-4776-9036-667eeb68fa4b/supportingdocuments" with headers: {"CONTENT_TYPE"=>"application/json", "HTTP_X_PACT_ORIGINAL_HEADER_NAMES"=>"Content-Type"}, see debug logs for body
D, [2020-04-20T20:27:47.620358 #36014] DEBUG -- : body :{"supporting_document":{"data":{"type":"supportingdocuments","attributes":{"submission_id":9876},"file":{"name":"test.pdf","mimetype":"application/pdf","source":"ZmFrZV9jb250ZW50cw=="}}}}
I, [2020-04-20T20:27:47.695595 #36014]  INFO -- : Received response with status: 201, headers: {"Content-Type"=>"application/json", "Content-Length"=>"126", "Server"=>"Werkzeug/1.0.1 Python/3.7.6", "Date"=>"Mon, 20 Apr 2020 19:27:47 GMT"}, see debug logs for body
D, [2020-04-20T20:27:47.695754 #36014] DEBUG -- : body: {"data": {"type": "supporting_document", "id": "33ea0382-cfc9-4776-9036-667eeb68fa4b", "attributes": {"submission_id": 9876}}}
I, [2020-04-20T20:33:08.556350 #36106]  INFO -- : Running example 'Verifying a pact between Complete the deputy report and OPG Data A submitted report with POST /v1/clients/1234567T/reports returns a response which has status code 201'
I, [2020-04-20T20:33:08.563746 #36106]  INFO -- : Sending POST request to path: "/v1/clients/1234567T/reports" with headers: {"CONTENT_TYPE"=>"application/json", "HTTP_X_PACT_ORIGINAL_HEADER_NAMES"=>"Content-Type"}, see debug logs for body
D, [2020-04-20T20:33:08.563886 #36106] DEBUG -- : body :{"report":{"data":{"type":"reports","attributes":{"reporting_period_from":"2018-05-14","reporting_period_to":"2019-05-13","year":2018,"date_submitted":"2019-06-20T00:00:00+01:00","type":"PF","submission_id":9876},"file":{"name":"test.pdf","mimetype":"application/pdf","source":"ZmFrZV9jb250ZW50cw=="}}}}
I, [2020-04-20T20:33:08.736453 #36106]  INFO -- : Received response with status: 201, headers: {"Content-Type"=>"application/json", "Content-Length"=>"115", "Server"=>"Werkzeug/1.0.1 Python/3.7.6", "Date"=>"Mon, 20 Apr 2020 19:33:08 GMT"}, see debug logs for body
D, [2020-04-20T20:33:08.736541 #36106] DEBUG -- : body: {"data": {"type": "reports", "gid": "33ea0382-cfc9-4776-9036-667eeb68fa4b", "attributes": {"submission_id": 9876}}}
I, [2020-04-20T20:33:08.739411 #36106]  INFO -- : Running example 'Verifying a pact between Complete the deputy report and OPG Data A submitted supporting document with POST /v1/clients/1234567T/reports/33ea0382-cfc9-4776-9036-667eeb68fa4b/supportingdocuments returns a response which has status code 201'
I, [2020-04-20T20:33:08.739650 #36106]  INFO -- : Sending POST request to path: "/v1/clients/1234567T/reports/33ea0382-cfc9-4776-9036-667eeb68fa4b/supportingdocuments" with headers: {"CONTENT_TYPE"=>"application/json", "HTTP_X_PACT_ORIGINAL_HEADER_NAMES"=>"Content-Type"}, see debug logs for body
D, [2020-04-20T20:33:08.739714 #36106] DEBUG -- : body :{"supporting_document":{"data":{"type":"supportingdocuments","attributes":{"submission_id":9876},"file":{"name":"test.pdf","mimetype":"application/pdf","source":"ZmFrZV9jb250ZW50cw=="}}}}
I, [2020-04-20T20:33:08.813938 #36106]  INFO -- : Received response with status: 201, headers: {"Content-Type"=>"application/json", "Content-Length"=>"126", "Server"=>"Werkzeug/1.0.1 Python/3.7.6", "Date"=>"Mon, 20 Apr 2020 19:33:08 GMT"}, see debug logs for body
D, [2020-04-20T20:33:08.814023 #36106] DEBUG -- : body: {"data": {"type": "supporting_document", "id": "33ea0382-cfc9-4776-9036-667eeb68fa4b", "attributes": {"submission_id": 9876}}}
I, [2020-04-20T20:34:28.936618 #36154]  INFO -- : Running example 'Verifying a pact between Complete the deputy report and OPG Data A submitted report with POST /v1/clients/1234567T/reports returns a response which has status code 201'
I, [2020-04-20T20:34:28.937050 #36154]  INFO -- : Sending POST request to path: "/v1/clients/1234567T/reports" with headers: {"CONTENT_TYPE"=>"application/json", "HTTP_X_PACT_ORIGINAL_HEADER_NAMES"=>"Content-Type"}, see debug logs for body
D, [2020-04-20T20:34:28.937163 #36154] DEBUG -- : body :{"report":{"data":{"type":"reports","attributes":{"reporting_period_from":"2018-05-14","reporting_period_to":"2019-05-13","year":2018,"date_submitted":"2019-06-20T00:00:00+01:00","type":"PF","submission_id":9876},"file":{"name":"test.pdf","mimetype":"application/pdf","source":"ZmFrZV9jb250ZW50cw=="}}}}
I, [2020-04-20T20:34:29.102871 #36154]  INFO -- : Received response with status: 201, headers: {"Content-Type"=>"application/json", "Content-Length"=>"115", "Server"=>"Werkzeug/1.0.1 Python/3.7.6", "Date"=>"Mon, 20 Apr 2020 19:34:29 GMT"}, see debug logs for body
D, [2020-04-20T20:34:29.102962 #36154] DEBUG -- : body: {"data": {"type": "reports", "gid": "33ea0382-cfc9-4776-9036-667eeb68fa4b", "attributes": {"submission_id": 9876}}}
I, [2020-04-20T20:34:29.105878 #36154]  INFO -- : Running example 'Verifying a pact between Complete the deputy report and OPG Data A submitted supporting document with POST /v1/clients/1234567T/reports/33ea0382-cfc9-4776-9036-667eeb68fa4b/supportingdocuments returns a response which has status code 201'
I, [2020-04-20T20:34:29.106089 #36154]  INFO -- : Sending POST request to path: "/v1/clients/1234567T/reports/33ea0382-cfc9-4776-9036-667eeb68fa4b/supportingdocuments" with headers: {"CONTENT_TYPE"=>"application/json", "HTTP_X_PACT_ORIGINAL_HEADER_NAMES"=>"Content-Type"}, see debug logs for body
D, [2020-04-20T20:34:29.106167 #36154] DEBUG -- : body :{"supporting_document":{"data":{"type":"supportingdocuments","attributes":{"submission_id":9876},"file":{"name":"test.pdf","mimetype":"application/pdf","source":"ZmFrZV9jb250ZW50cw=="}}}}
I, [2020-04-20T20:34:29.182008 #36154]  INFO -- : Received response with status: 201, headers: {"Content-Type"=>"application/json", "Content-Length"=>"127", "Server"=>"Werkzeug/1.0.1 Python/3.7.6", "Date"=>"Mon, 20 Apr 2020 19:34:29 GMT"}, see debug logs for body
D, [2020-04-20T20:34:29.182096 #36154] DEBUG -- : body: {"data": {"type": "supporting_document", "gid": "33ea0382-cfc9-4776-9036-667eeb68fa4b", "attributes": {"submission_id": 9876}}}
I, [2020-04-20T20:36:11.695500 #36213]  INFO -- : Running example 'Verifying a pact between Complete the deputy report and OPG Data A submitted report with POST /v1/clients/1234567T/reports returns a response which has status code 201'
I, [2020-04-20T20:36:11.698151 #36213]  INFO -- : Sending POST request to path: "/v1/clients/1234567T/reports" with headers: {"CONTENT_TYPE"=>"application/json", "HTTP_X_PACT_ORIGINAL_HEADER_NAMES"=>"Content-Type"}, see debug logs for body
D, [2020-04-20T20:36:11.698339 #36213] DEBUG -- : body :{"report":{"data":{"type":"reports","attributes":{"reporting_period_from":"2018-05-14","reporting_period_to":"2019-05-13","year":2018,"date_submitted":"2019-06-20T00:00:00+01:00","type":"PF","submission_id":9876},"file":{"name":"test.pdf","mimetype":"application/pdf","source":"ZmFrZV9jb250ZW50cw=="}}}}
I, [2020-04-20T20:36:11.865276 #36213]  INFO -- : Received response with status: 201, headers: {"Content-Type"=>"application/json", "Content-Length"=>"114", "Server"=>"Werkzeug/1.0.1 Python/3.7.6", "Date"=>"Mon, 20 Apr 2020 19:36:11 GMT"}, see debug logs for body
D, [2020-04-20T20:36:11.865368 #36213] DEBUG -- : body: {"data": {"type": "reports", "id": "33ea0382-cfc9-4776-9036-667eeb68fa4b", "attributes": {"submission_id": 9876}}}
I, [2020-04-20T20:36:11.871706 #36213]  INFO -- : Running example 'Verifying a pact between Complete the deputy report and OPG Data A submitted supporting document with POST /v1/clients/1234567T/reports/33ea0382-cfc9-4776-9036-667eeb68fa4b/supportingdocuments returns a response which has status code 201'
I, [2020-04-20T20:36:11.871895 #36213]  INFO -- : Sending POST request to path: "/v1/clients/1234567T/reports/33ea0382-cfc9-4776-9036-667eeb68fa4b/supportingdocuments" with headers: {"CONTENT_TYPE"=>"application/json", "HTTP_X_PACT_ORIGINAL_HEADER_NAMES"=>"Content-Type"}, see debug logs for body
D, [2020-04-20T20:36:11.871959 #36213] DEBUG -- : body :{"supporting_document":{"data":{"type":"supportingdocuments","attributes":{"submission_id":9876},"file":{"name":"test.pdf","mimetype":"application/pdf","source":"ZmFrZV9jb250ZW50cw=="}}}}
I, [2020-04-20T20:36:11.946426 #36213]  INFO -- : Received response with status: 201, headers: {"Content-Type"=>"application/json", "Content-Length"=>"126", "Server"=>"Werkzeug/1.0.1 Python/3.7.6", "Date"=>"Mon, 20 Apr 2020 19:36:11 GMT"}, see debug logs for body
D, [2020-04-20T20:36:11.946514 #36213] DEBUG -- : body: {"data": {"type": "supporting_document", "id": "33ea0382-cfc9-4776-9036-667eeb68fa4b", "attributes": {"submission_id": 9876}}}
I, [2020-04-20T20:37:42.882621 #36249]  INFO -- : Running example 'Verifying a pact between Complete the deputy report and OPG Data A submitted report with POST /v1/clients/1234567T/reports returns a response which has status code 201'
I, [2020-04-20T20:37:42.883111 #36249]  INFO -- : Sending POST request to path: "/v1/clients/1234567T/reports" with headers: {"CONTENT_TYPE"=>"application/json", "HTTP_X_PACT_ORIGINAL_HEADER_NAMES"=>"Content-Type"}, see debug logs for body
D, [2020-04-20T20:37:42.883226 #36249] DEBUG -- : body :{"report":{"data":{"type":"reports","attributes":{"reporting_period_from":"2018-05-14","reporting_period_to":"2019-05-13","year":2018,"date_submitted":"2019-06-20T00:00:00+01:00","type":"PF","submission_id":9876},"file":{"name":"test.pdf","mimetype":"application/pdf","source":"ZmFrZV9jb250ZW50cw=="}}}}
I, [2020-04-20T20:37:43.108082 #36249]  INFO -- : Received response with status: 201, headers: {"Content-Type"=>"application/json", "Content-Length"=>"114", "Server"=>"Werkzeug/1.0.1 Python/3.7.6", "Date"=>"Mon, 20 Apr 2020 19:37:43 GMT"}, see debug logs for body
D, [2020-04-20T20:37:43.108175 #36249] DEBUG -- : body: {"data": {"type": "reports", "id": "33ea0382-cfc9-4776-9036-667eeb68fa4b", "attributes": {"submission_id": 9876}}}
I, [2020-04-20T20:37:43.111959 #36249]  INFO -- : Running example 'Verifying a pact between Complete the deputy report and OPG Data A submitted supporting document with POST /v1/clients/1234567T/reports/33ea0382-cfc9-4776-9036-667eeb68fa4b/supportingdocuments returns a response which has status code 201'
I, [2020-04-20T20:37:43.112175 #36249]  INFO -- : Sending POST request to path: "/v1/clients/1234567T/reports/33ea0382-cfc9-4776-9036-667eeb68fa4b/supportingdocuments" with headers: {"CONTENT_TYPE"=>"application/json", "HTTP_X_PACT_ORIGINAL_HEADER_NAMES"=>"Content-Type"}, see debug logs for body
D, [2020-04-20T20:37:43.112251 #36249] DEBUG -- : body :{"supporting_document":{"data":{"type":"supportingdocuments","attributes":{"submission_id":9876},"file":{"name":"test.pdf","mimetype":"application/pdf","source":"ZmFrZV9jb250ZW50cw=="}}}}
I, [2020-04-20T20:37:43.187073 #36249]  INFO -- : Received response with status: 201, headers: {"Content-Type"=>"application/json", "Content-Length"=>"126", "Server"=>"Werkzeug/1.0.1 Python/3.7.6", "Date"=>"Mon, 20 Apr 2020 19:37:43 GMT"}, see debug logs for body
D, [2020-04-20T20:37:43.187185 #36249] DEBUG -- : body: {"data": {"type": "supporting_document", "id": "33ea0382-cfc9-4776-9036-667eeb68fa4b", "attributes": {"submission_id": 9876}}}
I, [2020-04-21T20:04:15.372049 #50354]  INFO -- : Running example 'Verifying a pact between Complete the deputy report and OPG Data A submitted report with POST /v1/clients/1234567T/reports returns a response which has status code 201'
I, [2020-04-21T20:04:15.372778 #50354]  INFO -- : Sending POST request to path: "/v1/clients/1234567T/reports" with headers: {"CONTENT_TYPE"=>"application/json", "HTTP_X_PACT_ORIGINAL_HEADER_NAMES"=>"Content-Type"}, see debug logs for body
D, [2020-04-21T20:04:15.372873 #50354] DEBUG -- : body :{"report":{"data":{"type":"reports","attributes":{"reporting_period_from":"2018-05-14","reporting_period_to":"2019-05-13","year":2018,"date_submitted":"2019-06-20T00:00:00+01:00","type":"PF","submission_id":9876},"file":{"name":"test.pdf","mimetype":"application/pdf","source":"ZmFrZV9jb250ZW50cw=="}}}}
I, [2020-04-21T20:04:16.045849 #50354]  INFO -- : Received response with status: 201, headers: {"Content-Type"=>"application/json", "Content-Length"=>"114", "Server"=>"Werkzeug/1.0.1 Python/3.7.6", "Date"=>"Tue, 21 Apr 2020 19:04:16 GMT"}, see debug logs for body
D, [2020-04-21T20:04:16.045936 #50354] DEBUG -- : body: {"data": {"type": "reports", "id": "33ea0382-cfc9-4776-9036-667eeb68fa4b", "attributes": {"submission_id": 9876}}}
I, [2020-04-21T20:04:16.048822 #50354]  INFO -- : Running example 'Verifying a pact between Complete the deputy report and OPG Data A submitted supporting document with POST /v1/clients/1234567T/reports/33ea0382-cfc9-4776-9036-667eeb68fa4b/supportingdocuments returns a response which has status code 201'
I, [2020-04-21T20:04:16.049001 #50354]  INFO -- : Sending POST request to path: "/v1/clients/1234567T/reports/33ea0382-cfc9-4776-9036-667eeb68fa4b/supportingdocuments" with headers: {"CONTENT_TYPE"=>"application/json", "HTTP_X_PACT_ORIGINAL_HEADER_NAMES"=>"Content-Type"}, see debug logs for body
D, [2020-04-21T20:04:16.049064 #50354] DEBUG -- : body :{"supporting_document":{"data":{"type":"supportingdocuments","attributes":{"submission_id":9876},"file":{"name":"test.pdf","mimetype":"application/pdf","source":"ZmFrZV9jb250ZW50cw=="}}}}
I, [2020-04-21T20:04:16.146009 #50354]  INFO -- : Received response with status: 201, headers: {"Content-Type"=>"application/json", "Content-Length"=>"126", "Server"=>"Werkzeug/1.0.1 Python/3.7.6", "Date"=>"Tue, 21 Apr 2020 19:04:16 GMT"}, see debug logs for body
D, [2020-04-21T20:04:16.146084 #50354] DEBUG -- : body: {"data": {"type": "supporting_document", "id": "33ea0382-cfc9-4776-9036-667eeb68fa4b", "attributes": {"submission_id": 9876}}}
